<?xml version="1.0" encoding="UTF-8"?>
<!-- Generated by org.testng.reporters.JUnitReportReporter -->
<testsuite hostname="RPSPLDP1-35" failures="0" tests="1" name="TriseptClass" time="56.355" errors="0" timestamp="17 Mar 2020 10:07:24 GMT">
  <testcase classname="TriseptClass" name="RecommendedDropdown" time="56.355"/>
</testsuite> <!-- TriseptClass -->
