<?xml version="1.0" encoding="UTF-8"?>
<!-- Generated by org.testng.reporters.JUnitReportReporter -->
<testsuite hostname="RPSPLDP1-60" failures="0" tests="1" name="mavenTest.seconds" time="0.007" errors="0" timestamp="11 Feb 2019 09:02:40 GMT" skipped="0">
  <testcase classname="mavenTest.seconds" name="show" time="0.007"/>
</testsuite> <!-- mavenTest.seconds -->
