<?xml version="1.0" encoding="UTF-8"?>
<!-- Generated by org.testng.reporters.JUnitReportReporter -->
<testsuite hostname="RPSPLDP1-60" failures="0" tests="2" name="mavenTest.FirstClass" time="9.441" errors="0" timestamp="08 Feb 2019 12:04:51 GMT" skipped="0">
  <testcase classname="mavenTest.FirstClass" name="openBrowser" time="9.439"/>
  <testcase classname="mavenTest.FirstClass" name="closebrowser" time="0.002"/>
</testsuite> <!-- mavenTest.FirstClass -->
