<?xml version="1.0" encoding="UTF-8"?>
<!-- Generated by org.testng.reporters.JUnitReportReporter -->
<testsuite hostname="RPSPLDP1-35" failures="0" tests="2" name="mavenTest.FirstClass" time="0.000" errors="0" timestamp="25 Jun 2019 10:58:00 GMT">
  <testcase classname="mavenTest.FirstClass" name="openBrowser" time="0.000"/>
  <testcase classname="mavenTest.FirstClass" name="closebrowser" time="0.000"/>
</testsuite> <!-- mavenTest.FirstClass -->
