<?xml version="1.0" encoding="UTF-8"?>
<!-- Generated by org.testng.reporters.JUnitReportReporter -->
<testsuite hostname="RPSPLDP1-35" failures="0" tests="1" name="mavenTest.seconds" time="0.005" errors="0" timestamp="25 Jun 2019 10:58:00 GMT">
  <testcase classname="mavenTest.seconds" name="show" time="0.005"/>
</testsuite> <!-- mavenTest.seconds -->
