<?xml version="1.0" encoding="UTF-8"?>
<!-- Generated by org.testng.reporters.JUnitReportReporter -->
<testsuite hostname="RPSPLDP1-60" failures="0" tests="2" name="mavenTest.FirstClass" time="12.613" errors="0" timestamp="8 Feb 2019 12:07:29 GMT">
  <testcase classname="mavenTest.FirstClass" name="closebrowser" time="0.001"/>
  <testcase classname="mavenTest.FirstClass" name="openBrowser" time="12.612"/>
</testsuite> <!-- mavenTest.FirstClass -->
